<?xml version="1.0" encoding="UTF-8"?>
<!-- Generated by org.testng.reporters.JUnitXMLReporter -->
<testsuite ignored="0" hostname="WL-C14D034" failures="0" tests="3" name="Default test" time="13.18" errors="0" timestamp="2025-03-23T12:15:54 IST">
  <testcase classname="Com.naukari.Naukari.com.UpdateProfile" name="Login_naukariCom" time="7.287"/>
  <testcase classname="Com.naukari.Naukari.com.UpdateProfile" name="updateHeadline_in_Profile" time="4.323"/>
  <testcase classname="Com.naukari.Naukari.com.UpdateProfile" name="LogoutFromNaukari" time="1.321"/>
</testsuite> <!-- Default test -->
