<?xml version="1.0" encoding="UTF-8"?>
<!-- Generated by org.testng.reporters.JUnitXMLReporter -->
<testsuite ignored="0" hostname="DTP-SDE47-IND" failures="0" tests="3" name="Default test" time="6.969" errors="0" timestamp="2024-07-28T21:11:32 IST">
  <testcase classname="Com.naukari.Naukari.com.UpdateProfile" name="Login_naukariCom" time="2.569"/>
  <testcase classname="Com.naukari.Naukari.com.UpdateProfile" name="updateHeadline_in_Profile" time="3.22"/>
  <testcase classname="Com.naukari.Naukari.com.UpdateProfile" name="LogoutFromNaukari" time="1.008"/>
</testsuite> <!-- Default test -->
