<?xml version="1.0" encoding="UTF-8"?>
<!-- Generated by org.testng.reporters.JUnitXMLReporter -->
<testsuite ignored="0" hostname="DTP-SDE47-IND" failures="0" tests="3" name="updateProfile" time="7.066" errors="0" timestamp="2024-07-28T19:47:26 IST">
  <testcase classname="Com.naukari.Naukari.com.UpdateProfile" name="Login_naukariCom" time="2.474"/>
  <testcase classname="Com.naukari.Naukari.com.UpdateProfile" name="updateHeadline_in_Profile" time="3.371"/>
  <testcase classname="Com.naukari.Naukari.com.UpdateProfile" name="LogoutFromNaukari" time="1.038"/>
</testsuite> <!-- updateProfile -->
